<?xml version="1.0" encoding="UTF-8"?>
<!-- Generated by org.testng.reporters.JUnitReportReporter -->
<testsuite hostname="LAPTOP-0A2M3F1A" failures="0" tests="2" name="com.qa.ohrm.testcases.PunchInTest" time="74.679" errors="0" timestamp="2023-06-10T00:56:06 IST" skipped="0">
  <testcase classname="com.qa.ohrm.testcases.PunchInTest" name="Note" time="32.848"/>
  <system-out/>
  <testcase classname="com.qa.ohrm.testcases.PunchInTest" name="In" time="41.831"/>
  <system-out/>
</testsuite> <!-- com.qa.ohrm.testcases.PunchInTest -->
