<?xml version="1.0" encoding="UTF-8"?>
<!-- Generated by org.testng.reporters.JUnitReportReporter -->
<testsuite hostname="LAPTOP-0A2M3F1A" failures="0" tests="1" name="com.qa.ohrm.testcases.HomePageTest" time="42.433" errors="0" timestamp="2023-06-10T00:56:06 IST" skipped="0">
  <testcase classname="com.qa.ohrm.testcases.HomePageTest" name="getTimePage" time="42.433"/>
  <system-out/>
</testsuite> <!-- com.qa.ohrm.testcases.HomePageTest -->
