<?xml version="1.0" encoding="UTF-8"?>
<!-- Generated by org.testng.reporters.JUnitReportReporter -->
<testsuite hostname="LAPTOP-0A2M3F1A" failures="0" tests="11" name="com.qa.ohrm.testcases.ProjectsPageTest" time="383.442" errors="0" timestamp="2023-06-10T00:56:06 IST" skipped="0">
  <testcase classname="com.qa.ohrm.testcases.ProjectsPageTest" name="ProjectInfo" time="25.748"/>
  <system-out/>
  <testcase classname="com.qa.ohrm.testcases.ProjectsPageTest" name="Projects" time="35.200"/>
  <system-out/>
  <testcase classname="com.qa.ohrm.testcases.ProjectsPageTest" name="Add" time="41.195"/>
  <system-out/>
  <testcase classname="com.qa.ohrm.testcases.ProjectsPageTest" name="CustomerLink" time="37.051"/>
  <system-out/>
  <testcase classname="com.qa.ohrm.testcases.ProjectsPageTest" name="cName" time="37.595"/>
  <system-out/>
  <testcase classname="com.qa.ohrm.testcases.ProjectsPageTest" name="cDesc" time="33.987"/>
  <system-out/>
  <testcase classname="com.qa.ohrm.testcases.ProjectsPageTest" name="saveDetails" time="32.189"/>
  <system-out/>
  <testcase classname="com.qa.ohrm.testcases.ProjectsPageTest" name="clickPName" time="34.290"/>
  <system-out/>
  <testcase classname="com.qa.ohrm.testcases.ProjectsPageTest" name="clickPAdmin" time="34.961"/>
  <system-out/>
  <testcase classname="com.qa.ohrm.testcases.ProjectsPageTest" name="clickDesc" time="33.807"/>
  <system-out/>
  <testcase classname="com.qa.ohrm.testcases.ProjectsPageTest" name="cSave" time="37.419"/>
  <system-out/>
</testsuite> <!-- com.qa.ohrm.testcases.ProjectsPageTest -->
