<?xml version="1.0" encoding="UTF-8"?>
<!-- Generated by org.testng.reporters.JUnitReportReporter -->
<testsuite hostname="LAPTOP-0A2M3F1A" failures="0" tests="3" name="com.qa.ohrm.testcases.TimeSheetTest" time="102.361" errors="0" timestamp="2023-06-10T00:56:06 IST" skipped="0">
  <testcase classname="com.qa.ohrm.testcases.TimeSheetTest" name="timeSheet" time="33.552"/>
  <system-out/>
  <testcase classname="com.qa.ohrm.testcases.TimeSheetTest" name="employee" time="35.381"/>
  <system-out/>
  <testcase classname="com.qa.ohrm.testcases.TimeSheetTest" name="getRecord" time="33.428"/>
  <system-out/>
</testsuite> <!-- com.qa.ohrm.testcases.TimeSheetTest -->
