<?xml version="1.0" encoding="UTF-8"?>
<!-- Generated by org.testng.reporters.JUnitReportReporter -->
<testsuite hostname="LAPTOP-0A2M3F1A" failures="0" tests="4" name="com.qa.ohrm.testcases.WeekTimeSheetTest" time="149.177" errors="0" timestamp="2023-06-10T00:56:06 IST" skipped="0">
  <testcase classname="com.qa.ohrm.testcases.WeekTimeSheetTest" name="edit" time="34.816"/>
  <system-out/>
  <testcase classname="com.qa.ohrm.testcases.WeekTimeSheetTest" name="clickAddRow" time="37.632"/>
  <system-out/>
  <testcase classname="com.qa.ohrm.testcases.WeekTimeSheetTest" name="clickReset" time="41.462"/>
  <system-out/>
  <testcase classname="com.qa.ohrm.testcases.WeekTimeSheetTest" name="clickCancel" time="35.267"/>
  <system-out/>
</testsuite> <!-- com.qa.ohrm.testcases.WeekTimeSheetTest -->
